4: pyxis: importing docker image ...
4: slurmstepd: error: pyxis: container start failed with error code: 1
4: slurmstepd: error: pyxis: printing contents of log file ...
4: slurmstepd: error: pyxis:     enroot-mount: failed to mount: /gpfs/fs1/projects/gpu_adlr/datasets/lmcafee at /tmp/enroot-data/user-20317/pyxis_2761831.0/gpfs/fs1/projects/gpu_adlr/datasets/lmcafee: No such file or directory
4: slurmstepd: error: pyxis: couldn't start container
4: slurmstepd: error: pyxis: if the image has an unusual entrypoint, try using --no-container-entrypoint
7: slurmstepd: error: pyxis: couldn't start container
3: slurmstepd: error: pyxis: couldn't start container
4: slurmstepd: error: spank: required plugin spank_pyxis.so: task_init() failed with rc=-1
4: slurmstepd: error: Failed to invoke spank plugin stack
6: slurmstepd: error: pyxis: couldn't start container
0: slurmstepd: error: pyxis: couldn't start container
5: slurmstepd: error: pyxis: couldn't start container
6: slurmstepd: error: pyxis: if the image has an unusual entrypoint, try using --no-container-entrypoint
7: slurmstepd: error: pyxis: if the image has an unusual entrypoint, try using --no-container-entrypoint
3: slurmstepd: error: pyxis: if the image has an unusual entrypoint, try using --no-container-entrypoint
6: slurmstepd: error: spank: required plugin spank_pyxis.so: task_init() failed with rc=-1
7: slurmstepd: error: spank: required plugin spank_pyxis.so: task_init() failed with rc=-1
3: slurmstepd: error: spank: required plugin spank_pyxis.so: task_init() failed with rc=-1
3: slurmstepd: error: Failed to invoke spank plugin stack
6: slurmstepd: error: Failed to invoke spank plugin stack
7: slurmstepd: error: Failed to invoke spank plugin stack
0: slurmstepd: error: pyxis: if the image has an unusual entrypoint, try using --no-container-entrypoint
5: slurmstepd: error: pyxis: if the image has an unusual entrypoint, try using --no-container-entrypoint
0: slurmstepd: error: spank: required plugin spank_pyxis.so: task_init() failed with rc=-1
5: slurmstepd: error: spank: required plugin spank_pyxis.so: task_init() failed with rc=-1
0: slurmstepd: error: Failed to invoke spank plugin stack
5: slurmstepd: error: Failed to invoke spank plugin stack
1: slurmstepd: error: pyxis: couldn't start container
2: slurmstepd: error: pyxis: couldn't start container
1: slurmstepd: error: pyxis: if the image has an unusual entrypoint, try using --no-container-entrypoint
1: slurmstepd: error: spank: required plugin spank_pyxis.so: task_init() failed with rc=-1
1: slurmstepd: error: Failed to invoke spank plugin stack
2: slurmstepd: error: pyxis: if the image has an unusual entrypoint, try using --no-container-entrypoint
2: slurmstepd: error: spank: required plugin spank_pyxis.so: task_init() failed with rc=-1
2: slurmstepd: error: Failed to invoke spank plugin stack
