0: pyxis: importing docker image ...
0: /workspace
0: /home/lmcafee/src/megatrons/megatron-lm-boxin
0: ***********************************************************************
0: Use of this network is restricted to authorized users only.
0: All access attempts and activities on this network are subject to being
0: monitored, logged and audited.
0: 
0: The network operator reserves the right to consent to valid law
0: enforcement requests to search the network and to institute legal or
0: disciplinary action against any misuse of the network.
0: ***********************************************************************
0: ***********************************************************************
0: Use of this network is restricted to authorized users only.
0: All access attempts and activities on this network are subject to being
0: monitored, logged and audited.
0: 
0: The network operator reserves the right to consent to valid law
0: enforcement requests to search the network and to institute legal or
0: disciplinary action against any misuse of the network.
0: ***********************************************************************
0: ***********************************************************************
0: Use of this network is restricted to authorized users only.
0: All access attempts and activities on this network are subject to being
0: monitored, logged and audited.
0: 
0: The network operator reserves the right to consent to valid law
0: enforcement requests to search the network and to institute legal or
0: disciplinary action against any misuse of the network.
0: ***********************************************************************
0: ***********************************************************************
0: Use of this network is restricted to authorized users only.
0: All access attempts and activities on this network are subject to being
0: monitored, logged and audited.
0: 
0: The network operator reserves the right to consent to valid law
0: enforcement requests to search the network and to institute legal or
0: disciplinary action against any misuse of the network.
0: ***********************************************************************
0: ***********************************************************************
0: Use of this network is restricted to authorized users only.
0: All access attempts and activities on this network are subject to being
0: monitored, logged and audited.
0: 
0: The network operator reserves the right to consent to valid law
0: enforcement requests to search the network and to institute legal or
0: disciplinary action against any misuse of the network.
0: ***********************************************************************
0: ***********************************************************************
0: Use of this network is restricted to authorized users only.
0: All access attempts and activities on this network are subject to being
0: monitored, logged and audited.
0: 
0: The network operator reserves the right to consent to valid law
0: enforcement requests to search the network and to institute legal or
0: disciplinary action against any misuse of the network.
0: ***********************************************************************
