0: pyxis: importing docker image ...
0: /workspace
0: /home/lmcafee/src/megatrons/megatron-lm-boxin
0: ... transfer 010 ...
0: ***********************************************************************
0: Use of this network is restricted to authorized users only.
0: All access attempts and activities on this network are subject to being
0: monitored, logged and audited.
0: 
0: The network operator reserves the right to consent to valid law
0: enforcement requests to search the network and to institute legal or
0: disciplinary action against any misuse of the network.
0: ***********************************************************************
0: ... transfer 011 ...
0: ***********************************************************************
0: Use of this network is restricted to authorized users only.
0: All access attempts and activities on this network are subject to being
0: monitored, logged and audited.
0: 
0: The network operator reserves the right to consent to valid law
0: enforcement requests to search the network and to institute legal or
0: disciplinary action against any misuse of the network.
0: ***********************************************************************
0: /gpfs/fs1/projects/gpu_adlr/datasets/boxinw/processed_data/chunks/sampled_pretraining/sampled_pretraining_corpus.chunks.hdf5.0011.feat.hdf5: No such file or directory
0: ... transfer 012 ...
0: ***********************************************************************
0: Use of this network is restricted to authorized users only.
0: All access attempts and activities on this network are subject to being
0: monitored, logged and audited.
0: 
0: The network operator reserves the right to consent to valid law
0: enforcement requests to search the network and to institute legal or
0: disciplinary action against any misuse of the network.
0: ***********************************************************************
0: /gpfs/fs1/projects/gpu_adlr/datasets/boxinw/processed_data/chunks/sampled_pretraining/sampled_pretraining_corpus.chunks.hdf5.0012.feat.hdf5: No such file or directory
0: ... transfer 013 ...
0: ***********************************************************************
0: Use of this network is restricted to authorized users only.
0: All access attempts and activities on this network are subject to being
0: monitored, logged and audited.
0: 
0: The network operator reserves the right to consent to valid law
0: enforcement requests to search the network and to institute legal or
0: disciplinary action against any misuse of the network.
0: ***********************************************************************
0: /gpfs/fs1/projects/gpu_adlr/datasets/boxinw/processed_data/chunks/sampled_pretraining/sampled_pretraining_corpus.chunks.hdf5.0013.feat.hdf5: No such file or directory
0: ... transfer 014 ...
0: ***********************************************************************
0: Use of this network is restricted to authorized users only.
0: All access attempts and activities on this network are subject to being
0: monitored, logged and audited.
0: 
0: The network operator reserves the right to consent to valid law
0: enforcement requests to search the network and to institute legal or
0: disciplinary action against any misuse of the network.
0: ***********************************************************************
0: /gpfs/fs1/projects/gpu_adlr/datasets/boxinw/processed_data/chunks/sampled_pretraining/sampled_pretraining_corpus.chunks.hdf5.0014.feat.hdf5: No such file or directory
0: ... transfer 015 ...
0: ***********************************************************************
0: Use of this network is restricted to authorized users only.
0: All access attempts and activities on this network are subject to being
0: monitored, logged and audited.
0: 
0: The network operator reserves the right to consent to valid law
0: enforcement requests to search the network and to institute legal or
0: disciplinary action against any misuse of the network.
0: ***********************************************************************
0: /gpfs/fs1/projects/gpu_adlr/datasets/boxinw/processed_data/chunks/sampled_pretraining/sampled_pretraining_corpus.chunks.hdf5.0015.feat.hdf5: No such file or directory
0: ... transfer 016 ...
0: ***********************************************************************
0: Use of this network is restricted to authorized users only.
0: All access attempts and activities on this network are subject to being
0: monitored, logged and audited.
0: 
0: The network operator reserves the right to consent to valid law
0: enforcement requests to search the network and to institute legal or
0: disciplinary action against any misuse of the network.
0: ***********************************************************************
0: /gpfs/fs1/projects/gpu_adlr/datasets/boxinw/processed_data/chunks/sampled_pretraining/sampled_pretraining_corpus.chunks.hdf5.0016.feat.hdf5: No such file or directory
0: ... transfer 017 ...
0: ***********************************************************************
0: Use of this network is restricted to authorized users only.
0: All access attempts and activities on this network are subject to being
0: monitored, logged and audited.
0: 
0: The network operator reserves the right to consent to valid law
0: enforcement requests to search the network and to institute legal or
0: disciplinary action against any misuse of the network.
0: ***********************************************************************
0: /gpfs/fs1/projects/gpu_adlr/datasets/boxinw/processed_data/chunks/sampled_pretraining/sampled_pretraining_corpus.chunks.hdf5.0017.feat.hdf5: No such file or directory
0: ... transfer 018 ...
0: ***********************************************************************
0: Use of this network is restricted to authorized users only.
0: All access attempts and activities on this network are subject to being
0: monitored, logged and audited.
0: 
0: The network operator reserves the right to consent to valid law
0: enforcement requests to search the network and to institute legal or
0: disciplinary action against any misuse of the network.
0: ***********************************************************************
0: /gpfs/fs1/projects/gpu_adlr/datasets/boxinw/processed_data/chunks/sampled_pretraining/sampled_pretraining_corpus.chunks.hdf5.0018.feat.hdf5: No such file or directory
0: ... transfer 019 ...
0: ***********************************************************************
0: Use of this network is restricted to authorized users only.
0: All access attempts and activities on this network are subject to being
0: monitored, logged and audited.
0: 
0: The network operator reserves the right to consent to valid law
0: enforcement requests to search the network and to institute legal or
0: disciplinary action against any misuse of the network.
0: ***********************************************************************
0: /gpfs/fs1/projects/gpu_adlr/datasets/boxinw/processed_data/chunks/sampled_pretraining/sampled_pretraining_corpus.chunks.hdf5.0019.feat.hdf5: No such file or directory
0: ... transfer 020 ...
0: ***********************************************************************
0: Use of this network is restricted to authorized users only.
0: All access attempts and activities on this network are subject to being
0: monitored, logged and audited.
0: 
0: The network operator reserves the right to consent to valid law
0: enforcement requests to search the network and to institute legal or
0: disciplinary action against any misuse of the network.
0: ***********************************************************************
0: ... transfer 021 ...
0: ***********************************************************************
0: Use of this network is restricted to authorized users only.
0: All access attempts and activities on this network are subject to being
0: monitored, logged and audited.
0: 
0: The network operator reserves the right to consent to valid law
0: enforcement requests to search the network and to institute legal or
0: disciplinary action against any misuse of the network.
0: ***********************************************************************
0: ... transfer 022 ...
0: ***********************************************************************
0: Use of this network is restricted to authorized users only.
0: All access attempts and activities on this network are subject to being
0: monitored, logged and audited.
0: 
0: The network operator reserves the right to consent to valid law
0: enforcement requests to search the network and to institute legal or
0: disciplinary action against any misuse of the network.
0: ***********************************************************************
0: ... transfer 023 ...
0: ***********************************************************************
0: Use of this network is restricted to authorized users only.
0: All access attempts and activities on this network are subject to being
0: monitored, logged and audited.
0: 
0: The network operator reserves the right to consent to valid law
0: enforcement requests to search the network and to institute legal or
0: disciplinary action against any misuse of the network.
0: ***********************************************************************
0: ... transfer 024 ...
0: ***********************************************************************
0: Use of this network is restricted to authorized users only.
0: All access attempts and activities on this network are subject to being
0: monitored, logged and audited.
0: 
0: The network operator reserves the right to consent to valid law
0: enforcement requests to search the network and to institute legal or
0: disciplinary action against any misuse of the network.
0: ***********************************************************************
0: ... transfer 025 ...
0: ***********************************************************************
0: Use of this network is restricted to authorized users only.
0: All access attempts and activities on this network are subject to being
0: monitored, logged and audited.
0: 
0: The network operator reserves the right to consent to valid law
0: enforcement requests to search the network and to institute legal or
0: disciplinary action against any misuse of the network.
0: ***********************************************************************
0: ... transfer 026 ...
0: ***********************************************************************
0: Use of this network is restricted to authorized users only.
0: All access attempts and activities on this network are subject to being
0: monitored, logged and audited.
0: 
0: The network operator reserves the right to consent to valid law
0: enforcement requests to search the network and to institute legal or
0: disciplinary action against any misuse of the network.
0: ***********************************************************************
0: ... transfer 027 ...
0: ***********************************************************************
0: Use of this network is restricted to authorized users only.
0: All access attempts and activities on this network are subject to being
0: monitored, logged and audited.
0: 
0: The network operator reserves the right to consent to valid law
0: enforcement requests to search the network and to institute legal or
0: disciplinary action against any misuse of the network.
0: ***********************************************************************
0: ... transfer 028 ...
0: ***********************************************************************
0: Use of this network is restricted to authorized users only.
0: All access attempts and activities on this network are subject to being
0: monitored, logged and audited.
0: 
0: The network operator reserves the right to consent to valid law
0: enforcement requests to search the network and to institute legal or
0: disciplinary action against any misuse of the network.
0: ***********************************************************************
0: ... transfer 029 ...
0: ***********************************************************************
0: Use of this network is restricted to authorized users only.
0: All access attempts and activities on this network are subject to being
0: monitored, logged and audited.
0: 
0: The network operator reserves the right to consent to valid law
0: enforcement requests to search the network and to institute legal or
0: disciplinary action against any misuse of the network.
0: ***********************************************************************
0: ... transfer 030 ...
0: ***********************************************************************
0: Use of this network is restricted to authorized users only.
0: All access attempts and activities on this network are subject to being
0: monitored, logged and audited.
0: 
0: The network operator reserves the right to consent to valid law
0: enforcement requests to search the network and to institute legal or
0: disciplinary action against any misuse of the network.
0: ***********************************************************************
0: ... transfer 031 ...
0: ***********************************************************************
0: Use of this network is restricted to authorized users only.
0: All access attempts and activities on this network are subject to being
0: monitored, logged and audited.
0: 
0: The network operator reserves the right to consent to valid law
0: enforcement requests to search the network and to institute legal or
0: disciplinary action against any misuse of the network.
0: ***********************************************************************
0: ... transfer 032 ...
0: ***********************************************************************
0: Use of this network is restricted to authorized users only.
0: All access attempts and activities on this network are subject to being
0: monitored, logged and audited.
0: 
0: The network operator reserves the right to consent to valid law
0: enforcement requests to search the network and to institute legal or
0: disciplinary action against any misuse of the network.
0: ***********************************************************************
0: ... transfer 033 ...
0: ***********************************************************************
0: Use of this network is restricted to authorized users only.
0: All access attempts and activities on this network are subject to being
0: monitored, logged and audited.
0: 
0: The network operator reserves the right to consent to valid law
0: enforcement requests to search the network and to institute legal or
0: disciplinary action against any misuse of the network.
0: ***********************************************************************
0: ... transfer 034 ...
0: ***********************************************************************
0: Use of this network is restricted to authorized users only.
0: All access attempts and activities on this network are subject to being
0: monitored, logged and audited.
0: 
0: The network operator reserves the right to consent to valid law
0: enforcement requests to search the network and to institute legal or
0: disciplinary action against any misuse of the network.
0: ***********************************************************************
0: ... transfer 035 ...
0: ***********************************************************************
0: Use of this network is restricted to authorized users only.
0: All access attempts and activities on this network are subject to being
0: monitored, logged and audited.
0: 
0: The network operator reserves the right to consent to valid law
0: enforcement requests to search the network and to institute legal or
0: disciplinary action against any misuse of the network.
0: ***********************************************************************
0: ... transfer 036 ...
0: ***********************************************************************
0: Use of this network is restricted to authorized users only.
0: All access attempts and activities on this network are subject to being
0: monitored, logged and audited.
0: 
0: The network operator reserves the right to consent to valid law
0: enforcement requests to search the network and to institute legal or
0: disciplinary action against any misuse of the network.
0: ***********************************************************************
0: ... transfer 037 ...
0: ***********************************************************************
0: Use of this network is restricted to authorized users only.
0: All access attempts and activities on this network are subject to being
0: monitored, logged and audited.
0: 
0: The network operator reserves the right to consent to valid law
0: enforcement requests to search the network and to institute legal or
0: disciplinary action against any misuse of the network.
0: ***********************************************************************
0: ... transfer 038 ...
0: ***********************************************************************
0: Use of this network is restricted to authorized users only.
0: All access attempts and activities on this network are subject to being
0: monitored, logged and audited.
0: 
0: The network operator reserves the right to consent to valid law
0: enforcement requests to search the network and to institute legal or
0: disciplinary action against any misuse of the network.
0: ***********************************************************************
0: ... transfer 039 ...
0: ***********************************************************************
0: Use of this network is restricted to authorized users only.
0: All access attempts and activities on this network are subject to being
0: monitored, logged and audited.
0: 
0: The network operator reserves the right to consent to valid law
0: enforcement requests to search the network and to institute legal or
0: disciplinary action against any misuse of the network.
0: ***********************************************************************
0: ... transfer 040 ...
0: ***********************************************************************
0: Use of this network is restricted to authorized users only.
0: All access attempts and activities on this network are subject to being
0: monitored, logged and audited.
0: 
0: The network operator reserves the right to consent to valid law
0: enforcement requests to search the network and to institute legal or
0: disciplinary action against any misuse of the network.
0: ***********************************************************************
0: ... transfer 041 ...
0: ***********************************************************************
0: Use of this network is restricted to authorized users only.
0: All access attempts and activities on this network are subject to being
0: monitored, logged and audited.
0: 
0: The network operator reserves the right to consent to valid law
0: enforcement requests to search the network and to institute legal or
0: disciplinary action against any misuse of the network.
0: ***********************************************************************
0: ... transfer 042 ...
0: ***********************************************************************
0: Use of this network is restricted to authorized users only.
0: All access attempts and activities on this network are subject to being
0: monitored, logged and audited.
0: 
0: The network operator reserves the right to consent to valid law
0: enforcement requests to search the network and to institute legal or
0: disciplinary action against any misuse of the network.
0: ***********************************************************************
0: ... transfer 043 ...
0: ***********************************************************************
0: Use of this network is restricted to authorized users only.
0: All access attempts and activities on this network are subject to being
0: monitored, logged and audited.
0: 
0: The network operator reserves the right to consent to valid law
0: enforcement requests to search the network and to institute legal or
0: disciplinary action against any misuse of the network.
0: ***********************************************************************
0: ... transfer 044 ...
0: ***********************************************************************
0: Use of this network is restricted to authorized users only.
0: All access attempts and activities on this network are subject to being
0: monitored, logged and audited.
0: 
0: The network operator reserves the right to consent to valid law
0: enforcement requests to search the network and to institute legal or
0: disciplinary action against any misuse of the network.
0: ***********************************************************************
0: ... transfer 045 ...
0: ***********************************************************************
0: Use of this network is restricted to authorized users only.
0: All access attempts and activities on this network are subject to being
0: monitored, logged and audited.
0: 
0: The network operator reserves the right to consent to valid law
0: enforcement requests to search the network and to institute legal or
0: disciplinary action against any misuse of the network.
0: ***********************************************************************
0: ... transfer 046 ...
0: ***********************************************************************
0: Use of this network is restricted to authorized users only.
0: All access attempts and activities on this network are subject to being
0: monitored, logged and audited.
0: 
0: The network operator reserves the right to consent to valid law
0: enforcement requests to search the network and to institute legal or
0: disciplinary action against any misuse of the network.
0: ***********************************************************************
0: ... transfer 047 ...
0: ***********************************************************************
0: Use of this network is restricted to authorized users only.
0: All access attempts and activities on this network are subject to being
0: monitored, logged and audited.
0: 
0: The network operator reserves the right to consent to valid law
0: enforcement requests to search the network and to institute legal or
0: disciplinary action against any misuse of the network.
0: ***********************************************************************
0: ... transfer 048 ...
0: ***********************************************************************
0: Use of this network is restricted to authorized users only.
0: All access attempts and activities on this network are subject to being
0: monitored, logged and audited.
0: 
0: The network operator reserves the right to consent to valid law
0: enforcement requests to search the network and to institute legal or
0: disciplinary action against any misuse of the network.
0: ***********************************************************************
0: ... transfer 049 ...
0: ***********************************************************************
0: Use of this network is restricted to authorized users only.
0: All access attempts and activities on this network are subject to being
0: monitored, logged and audited.
0: 
0: The network operator reserves the right to consent to valid law
0: enforcement requests to search the network and to institute legal or
0: disciplinary action against any misuse of the network.
0: ***********************************************************************
0: ... transfer 050 ...
0: ***********************************************************************
0: Use of this network is restricted to authorized users only.
0: All access attempts and activities on this network are subject to being
0: monitored, logged and audited.
0: 
0: The network operator reserves the right to consent to valid law
0: enforcement requests to search the network and to institute legal or
0: disciplinary action against any misuse of the network.
0: ***********************************************************************
0: ... transfer 051 ...
0: ***********************************************************************
0: Use of this network is restricted to authorized users only.
0: All access attempts and activities on this network are subject to being
0: monitored, logged and audited.
0: 
0: The network operator reserves the right to consent to valid law
0: enforcement requests to search the network and to institute legal or
0: disciplinary action against any misuse of the network.
0: ***********************************************************************
0: ... transfer 052 ...
0: ***********************************************************************
0: Use of this network is restricted to authorized users only.
0: All access attempts and activities on this network are subject to being
0: monitored, logged and audited.
0: 
0: The network operator reserves the right to consent to valid law
0: enforcement requests to search the network and to institute legal or
0: disciplinary action against any misuse of the network.
0: ***********************************************************************
0: ... transfer 053 ...
0: ***********************************************************************
0: Use of this network is restricted to authorized users only.
0: All access attempts and activities on this network are subject to being
0: monitored, logged and audited.
0: 
0: The network operator reserves the right to consent to valid law
0: enforcement requests to search the network and to institute legal or
0: disciplinary action against any misuse of the network.
0: ***********************************************************************
0: ... transfer 054 ...
0: ***********************************************************************
0: Use of this network is restricted to authorized users only.
0: All access attempts and activities on this network are subject to being
0: monitored, logged and audited.
0: 
0: The network operator reserves the right to consent to valid law
0: enforcement requests to search the network and to institute legal or
0: disciplinary action against any misuse of the network.
0: ***********************************************************************
0: ... transfer 055 ...
0: ***********************************************************************
0: Use of this network is restricted to authorized users only.
0: All access attempts and activities on this network are subject to being
0: monitored, logged and audited.
0: 
0: The network operator reserves the right to consent to valid law
0: enforcement requests to search the network and to institute legal or
0: disciplinary action against any misuse of the network.
0: ***********************************************************************
0: ... transfer 056 ...
0: ***********************************************************************
0: Use of this network is restricted to authorized users only.
0: All access attempts and activities on this network are subject to being
0: monitored, logged and audited.
0: 
0: The network operator reserves the right to consent to valid law
0: enforcement requests to search the network and to institute legal or
0: disciplinary action against any misuse of the network.
0: ***********************************************************************
0: ... transfer 057 ...
0: ***********************************************************************
0: Use of this network is restricted to authorized users only.
0: All access attempts and activities on this network are subject to being
0: monitored, logged and audited.
0: 
0: The network operator reserves the right to consent to valid law
0: enforcement requests to search the network and to institute legal or
0: disciplinary action against any misuse of the network.
0: ***********************************************************************
0: ... transfer 058 ...
0: ***********************************************************************
0: Use of this network is restricted to authorized users only.
0: All access attempts and activities on this network are subject to being
0: monitored, logged and audited.
0: 
0: The network operator reserves the right to consent to valid law
0: enforcement requests to search the network and to institute legal or
0: disciplinary action against any misuse of the network.
0: ***********************************************************************
0: ... transfer 059 ...
0: ***********************************************************************
0: Use of this network is restricted to authorized users only.
0: All access attempts and activities on this network are subject to being
0: monitored, logged and audited.
0: 
0: The network operator reserves the right to consent to valid law
0: enforcement requests to search the network and to institute legal or
0: disciplinary action against any misuse of the network.
0: ***********************************************************************
0: ... transfer 060 ...
0: ***********************************************************************
0: Use of this network is restricted to authorized users only.
0: All access attempts and activities on this network are subject to being
0: monitored, logged and audited.
0: 
0: The network operator reserves the right to consent to valid law
0: enforcement requests to search the network and to institute legal or
0: disciplinary action against any misuse of the network.
0: ***********************************************************************
0: ... transfer 061 ...
0: ***********************************************************************
0: Use of this network is restricted to authorized users only.
0: All access attempts and activities on this network are subject to being
0: monitored, logged and audited.
0: 
0: The network operator reserves the right to consent to valid law
0: enforcement requests to search the network and to institute legal or
0: disciplinary action against any misuse of the network.
0: ***********************************************************************
0: ... transfer 062 ...
0: ***********************************************************************
0: Use of this network is restricted to authorized users only.
0: All access attempts and activities on this network are subject to being
0: monitored, logged and audited.
0: 
0: The network operator reserves the right to consent to valid law
0: enforcement requests to search the network and to institute legal or
0: disciplinary action against any misuse of the network.
0: ***********************************************************************
0: ... transfer 063 ...
0: ***********************************************************************
0: Use of this network is restricted to authorized users only.
0: All access attempts and activities on this network are subject to being
0: monitored, logged and audited.
0: 
0: The network operator reserves the right to consent to valid law
0: enforcement requests to search the network and to institute legal or
0: disciplinary action against any misuse of the network.
0: ***********************************************************************
0: ... transfer 064 ...
0: ***********************************************************************
0: Use of this network is restricted to authorized users only.
0: All access attempts and activities on this network are subject to being
0: monitored, logged and audited.
0: 
0: The network operator reserves the right to consent to valid law
0: enforcement requests to search the network and to institute legal or
0: disciplinary action against any misuse of the network.
0: ***********************************************************************
0: ... transfer 065 ...
0: ***********************************************************************
0: Use of this network is restricted to authorized users only.
0: All access attempts and activities on this network are subject to being
0: monitored, logged and audited.
0: 
0: The network operator reserves the right to consent to valid law
0: enforcement requests to search the network and to institute legal or
0: disciplinary action against any misuse of the network.
0: ***********************************************************************
0: ... transfer 066 ...
0: ***********************************************************************
0: Use of this network is restricted to authorized users only.
0: All access attempts and activities on this network are subject to being
0: monitored, logged and audited.
0: 
0: The network operator reserves the right to consent to valid law
0: enforcement requests to search the network and to institute legal or
0: disciplinary action against any misuse of the network.
0: ***********************************************************************
0: ... transfer 067 ...
0: ***********************************************************************
0: Use of this network is restricted to authorized users only.
0: All access attempts and activities on this network are subject to being
0: monitored, logged and audited.
0: 
0: The network operator reserves the right to consent to valid law
0: enforcement requests to search the network and to institute legal or
0: disciplinary action against any misuse of the network.
0: ***********************************************************************
0: ... transfer 068 ...
0: ***********************************************************************
0: Use of this network is restricted to authorized users only.
0: All access attempts and activities on this network are subject to being
0: monitored, logged and audited.
0: 
0: The network operator reserves the right to consent to valid law
0: enforcement requests to search the network and to institute legal or
0: disciplinary action against any misuse of the network.
0: ***********************************************************************
0: ... transfer 069 ...
0: ***********************************************************************
0: Use of this network is restricted to authorized users only.
0: All access attempts and activities on this network are subject to being
0: monitored, logged and audited.
0: 
0: The network operator reserves the right to consent to valid law
0: enforcement requests to search the network and to institute legal or
0: disciplinary action against any misuse of the network.
0: ***********************************************************************
0: ... transfer 070 ...
0: ***********************************************************************
0: Use of this network is restricted to authorized users only.
0: All access attempts and activities on this network are subject to being
0: monitored, logged and audited.
0: 
0: The network operator reserves the right to consent to valid law
0: enforcement requests to search the network and to institute legal or
0: disciplinary action against any misuse of the network.
0: ***********************************************************************
0: ... transfer 071 ...
0: ***********************************************************************
0: Use of this network is restricted to authorized users only.
0: All access attempts and activities on this network are subject to being
0: monitored, logged and audited.
0: 
0: The network operator reserves the right to consent to valid law
0: enforcement requests to search the network and to institute legal or
0: disciplinary action against any misuse of the network.
0: ***********************************************************************
0: ... transfer 072 ...
0: ***********************************************************************
0: Use of this network is restricted to authorized users only.
0: All access attempts and activities on this network are subject to being
0: monitored, logged and audited.
0: 
0: The network operator reserves the right to consent to valid law
0: enforcement requests to search the network and to institute legal or
0: disciplinary action against any misuse of the network.
0: ***********************************************************************
0: ... transfer 073 ...
0: ***********************************************************************
0: Use of this network is restricted to authorized users only.
0: All access attempts and activities on this network are subject to being
0: monitored, logged and audited.
0: 
0: The network operator reserves the right to consent to valid law
0: enforcement requests to search the network and to institute legal or
0: disciplinary action against any misuse of the network.
0: ***********************************************************************
0: ... transfer 074 ...
0: ***********************************************************************
0: Use of this network is restricted to authorized users only.
0: All access attempts and activities on this network are subject to being
0: monitored, logged and audited.
0: 
0: The network operator reserves the right to consent to valid law
0: enforcement requests to search the network and to institute legal or
0: disciplinary action against any misuse of the network.
0: ***********************************************************************
0: ... transfer 075 ...
0: ***********************************************************************
0: Use of this network is restricted to authorized users only.
0: All access attempts and activities on this network are subject to being
0: monitored, logged and audited.
0: 
0: The network operator reserves the right to consent to valid law
0: enforcement requests to search the network and to institute legal or
0: disciplinary action against any misuse of the network.
0: ***********************************************************************
0: ... transfer 076 ...
0: ***********************************************************************
0: Use of this network is restricted to authorized users only.
0: All access attempts and activities on this network are subject to being
0: monitored, logged and audited.
0: 
0: The network operator reserves the right to consent to valid law
0: enforcement requests to search the network and to institute legal or
0: disciplinary action against any misuse of the network.
0: ***********************************************************************
0: ... transfer 077 ...
0: ***********************************************************************
0: Use of this network is restricted to authorized users only.
0: All access attempts and activities on this network are subject to being
0: monitored, logged and audited.
0: 
0: The network operator reserves the right to consent to valid law
0: enforcement requests to search the network and to institute legal or
0: disciplinary action against any misuse of the network.
0: ***********************************************************************
0: ... transfer 078 ...
0: ***********************************************************************
0: Use of this network is restricted to authorized users only.
0: All access attempts and activities on this network are subject to being
0: monitored, logged and audited.
0: 
0: The network operator reserves the right to consent to valid law
0: enforcement requests to search the network and to institute legal or
0: disciplinary action against any misuse of the network.
0: ***********************************************************************
0: ... transfer 079 ...
0: ***********************************************************************
0: Use of this network is restricted to authorized users only.
0: All access attempts and activities on this network are subject to being
0: monitored, logged and audited.
0: 
0: The network operator reserves the right to consent to valid law
0: enforcement requests to search the network and to institute legal or
0: disciplinary action against any misuse of the network.
0: ***********************************************************************
0: ... transfer 080 ...
0: ***********************************************************************
0: Use of this network is restricted to authorized users only.
0: All access attempts and activities on this network are subject to being
0: monitored, logged and audited.
0: 
0: The network operator reserves the right to consent to valid law
0: enforcement requests to search the network and to institute legal or
0: disciplinary action against any misuse of the network.
0: ***********************************************************************
0: ... transfer 081 ...
0: ***********************************************************************
0: Use of this network is restricted to authorized users only.
0: All access attempts and activities on this network are subject to being
0: monitored, logged and audited.
0: 
0: The network operator reserves the right to consent to valid law
0: enforcement requests to search the network and to institute legal or
0: disciplinary action against any misuse of the network.
0: ***********************************************************************
0: ... transfer 082 ...
0: ***********************************************************************
0: Use of this network is restricted to authorized users only.
0: All access attempts and activities on this network are subject to being
0: monitored, logged and audited.
0: 
0: The network operator reserves the right to consent to valid law
0: enforcement requests to search the network and to institute legal or
0: disciplinary action against any misuse of the network.
0: ***********************************************************************
0: ... transfer 083 ...
0: ***********************************************************************
0: Use of this network is restricted to authorized users only.
0: All access attempts and activities on this network are subject to being
0: monitored, logged and audited.
0: 
0: The network operator reserves the right to consent to valid law
0: enforcement requests to search the network and to institute legal or
0: disciplinary action against any misuse of the network.
0: ***********************************************************************
0: ... transfer 084 ...
0: ***********************************************************************
0: Use of this network is restricted to authorized users only.
0: All access attempts and activities on this network are subject to being
0: monitored, logged and audited.
0: 
0: The network operator reserves the right to consent to valid law
0: enforcement requests to search the network and to institute legal or
0: disciplinary action against any misuse of the network.
0: ***********************************************************************
0: ... transfer 085 ...
0: ***********************************************************************
0: Use of this network is restricted to authorized users only.
0: All access attempts and activities on this network are subject to being
0: monitored, logged and audited.
0: 
0: The network operator reserves the right to consent to valid law
0: enforcement requests to search the network and to institute legal or
0: disciplinary action against any misuse of the network.
0: ***********************************************************************
0: ... transfer 086 ...
0: ***********************************************************************
0: Use of this network is restricted to authorized users only.
0: All access attempts and activities on this network are subject to being
0: monitored, logged and audited.
0: 
0: The network operator reserves the right to consent to valid law
0: enforcement requests to search the network and to institute legal or
0: disciplinary action against any misuse of the network.
0: ***********************************************************************
0: ... transfer 087 ...
0: ***********************************************************************
0: Use of this network is restricted to authorized users only.
0: All access attempts and activities on this network are subject to being
0: monitored, logged and audited.
0: 
0: The network operator reserves the right to consent to valid law
0: enforcement requests to search the network and to institute legal or
0: disciplinary action against any misuse of the network.
0: ***********************************************************************
0: ... transfer 088 ...
0: ***********************************************************************
0: Use of this network is restricted to authorized users only.
0: All access attempts and activities on this network are subject to being
0: monitored, logged and audited.
0: 
0: The network operator reserves the right to consent to valid law
0: enforcement requests to search the network and to institute legal or
0: disciplinary action against any misuse of the network.
0: ***********************************************************************
0: ... transfer 089 ...
0: ***********************************************************************
0: Use of this network is restricted to authorized users only.
0: All access attempts and activities on this network are subject to being
0: monitored, logged and audited.
0: 
0: The network operator reserves the right to consent to valid law
0: enforcement requests to search the network and to institute legal or
0: disciplinary action against any misuse of the network.
0: ***********************************************************************
0: ... transfer 090 ...
0: ***********************************************************************
0: Use of this network is restricted to authorized users only.
0: All access attempts and activities on this network are subject to being
0: monitored, logged and audited.
0: 
0: The network operator reserves the right to consent to valid law
0: enforcement requests to search the network and to institute legal or
0: disciplinary action against any misuse of the network.
0: ***********************************************************************
0: ... transfer 091 ...
0: ***********************************************************************
0: Use of this network is restricted to authorized users only.
0: All access attempts and activities on this network are subject to being
0: monitored, logged and audited.
0: 
0: The network operator reserves the right to consent to valid law
0: enforcement requests to search the network and to institute legal or
0: disciplinary action against any misuse of the network.
0: ***********************************************************************
0: ... transfer 092 ...
0: ***********************************************************************
0: Use of this network is restricted to authorized users only.
0: All access attempts and activities on this network are subject to being
0: monitored, logged and audited.
0: 
0: The network operator reserves the right to consent to valid law
0: enforcement requests to search the network and to institute legal or
0: disciplinary action against any misuse of the network.
0: ***********************************************************************
0: ... transfer 093 ...
0: ***********************************************************************
0: Use of this network is restricted to authorized users only.
0: All access attempts and activities on this network are subject to being
0: monitored, logged and audited.
0: 
0: The network operator reserves the right to consent to valid law
0: enforcement requests to search the network and to institute legal or
0: disciplinary action against any misuse of the network.
0: ***********************************************************************
0: ... transfer 094 ...
0: ***********************************************************************
0: Use of this network is restricted to authorized users only.
0: All access attempts and activities on this network are subject to being
0: monitored, logged and audited.
0: 
0: The network operator reserves the right to consent to valid law
0: enforcement requests to search the network and to institute legal or
0: disciplinary action against any misuse of the network.
0: ***********************************************************************
0: ... transfer 095 ...
0: ***********************************************************************
0: Use of this network is restricted to authorized users only.
0: All access attempts and activities on this network are subject to being
0: monitored, logged and audited.
0: 
0: The network operator reserves the right to consent to valid law
0: enforcement requests to search the network and to institute legal or
0: disciplinary action against any misuse of the network.
0: ***********************************************************************
0: ... transfer 096 ...
0: ***********************************************************************
0: Use of this network is restricted to authorized users only.
0: All access attempts and activities on this network are subject to being
0: monitored, logged and audited.
0: 
0: The network operator reserves the right to consent to valid law
0: enforcement requests to search the network and to institute legal or
0: disciplinary action against any misuse of the network.
0: ***********************************************************************
0: ... transfer 097 ...
0: ***********************************************************************
0: Use of this network is restricted to authorized users only.
0: All access attempts and activities on this network are subject to being
0: monitored, logged and audited.
0: 
0: The network operator reserves the right to consent to valid law
0: enforcement requests to search the network and to institute legal or
0: disciplinary action against any misuse of the network.
0: ***********************************************************************
0: ... transfer 098 ...
0: ***********************************************************************
0: Use of this network is restricted to authorized users only.
0: All access attempts and activities on this network are subject to being
0: monitored, logged and audited.
0: 
0: The network operator reserves the right to consent to valid law
0: enforcement requests to search the network and to institute legal or
0: disciplinary action against any misuse of the network.
0: ***********************************************************************
0: ... transfer 099 ...
0: ***********************************************************************
0: Use of this network is restricted to authorized users only.
0: All access attempts and activities on this network are subject to being
0: monitored, logged and audited.
0: 
0: The network operator reserves the right to consent to valid law
0: enforcement requests to search the network and to institute legal or
0: disciplinary action against any misuse of the network.
0: ***********************************************************************
0: ... transfer 100 ...
0: ***********************************************************************
0: Use of this network is restricted to authorized users only.
0: All access attempts and activities on this network are subject to being
0: monitored, logged and audited.
0: 
0: The network operator reserves the right to consent to valid law
0: enforcement requests to search the network and to institute legal or
0: disciplinary action against any misuse of the network.
0: ***********************************************************************
0: ... transfer 101 ...
0: ***********************************************************************
0: Use of this network is restricted to authorized users only.
0: All access attempts and activities on this network are subject to being
0: monitored, logged and audited.
0: 
0: The network operator reserves the right to consent to valid law
0: enforcement requests to search the network and to institute legal or
0: disciplinary action against any misuse of the network.
0: ***********************************************************************
0: ... transfer 102 ...
0: ***********************************************************************
0: Use of this network is restricted to authorized users only.
0: All access attempts and activities on this network are subject to being
0: monitored, logged and audited.
0: 
0: The network operator reserves the right to consent to valid law
0: enforcement requests to search the network and to institute legal or
0: disciplinary action against any misuse of the network.
0: ***********************************************************************
0: ... transfer 103 ...
0: ***********************************************************************
0: Use of this network is restricted to authorized users only.
0: All access attempts and activities on this network are subject to being
0: monitored, logged and audited.
0: 
0: The network operator reserves the right to consent to valid law
0: enforcement requests to search the network and to institute legal or
0: disciplinary action against any misuse of the network.
0: ***********************************************************************
0: ... transfer 104 ...
0: ***********************************************************************
0: Use of this network is restricted to authorized users only.
0: All access attempts and activities on this network are subject to being
0: monitored, logged and audited.
0: 
0: The network operator reserves the right to consent to valid law
0: enforcement requests to search the network and to institute legal or
0: disciplinary action against any misuse of the network.
0: ***********************************************************************
0: ... transfer 105 ...
0: ***********************************************************************
0: Use of this network is restricted to authorized users only.
0: All access attempts and activities on this network are subject to being
0: monitored, logged and audited.
0: 
0: The network operator reserves the right to consent to valid law
0: enforcement requests to search the network and to institute legal or
0: disciplinary action against any misuse of the network.
0: ***********************************************************************
0: ... transfer 106 ...
0: ***********************************************************************
0: Use of this network is restricted to authorized users only.
0: All access attempts and activities on this network are subject to being
0: monitored, logged and audited.
0: 
0: The network operator reserves the right to consent to valid law
0: enforcement requests to search the network and to institute legal or
0: disciplinary action against any misuse of the network.
0: ***********************************************************************
0: ... transfer 107 ...
0: ***********************************************************************
0: Use of this network is restricted to authorized users only.
0: All access attempts and activities on this network are subject to being
0: monitored, logged and audited.
0: 
0: The network operator reserves the right to consent to valid law
0: enforcement requests to search the network and to institute legal or
0: disciplinary action against any misuse of the network.
0: ***********************************************************************
0: ... transfer 108 ...
0: ***********************************************************************
0: Use of this network is restricted to authorized users only.
0: All access attempts and activities on this network are subject to being
0: monitored, logged and audited.
0: 
0: The network operator reserves the right to consent to valid law
0: enforcement requests to search the network and to institute legal or
0: disciplinary action against any misuse of the network.
0: ***********************************************************************
0: ... transfer 109 ...
0: ***********************************************************************
0: Use of this network is restricted to authorized users only.
0: All access attempts and activities on this network are subject to being
0: monitored, logged and audited.
0: 
0: The network operator reserves the right to consent to valid law
0: enforcement requests to search the network and to institute legal or
0: disciplinary action against any misuse of the network.
0: ***********************************************************************
0: ... transfer 110 ...
0: ***********************************************************************
0: Use of this network is restricted to authorized users only.
0: All access attempts and activities on this network are subject to being
0: monitored, logged and audited.
0: 
0: The network operator reserves the right to consent to valid law
0: enforcement requests to search the network and to institute legal or
0: disciplinary action against any misuse of the network.
0: ***********************************************************************
0: ... transfer 111 ...
0: ***********************************************************************
0: Use of this network is restricted to authorized users only.
0: All access attempts and activities on this network are subject to being
0: monitored, logged and audited.
0: 
0: The network operator reserves the right to consent to valid law
0: enforcement requests to search the network and to institute legal or
0: disciplinary action against any misuse of the network.
0: ***********************************************************************
0: ... transfer 112 ...
0: ***********************************************************************
0: Use of this network is restricted to authorized users only.
0: All access attempts and activities on this network are subject to being
0: monitored, logged and audited.
0: 
0: The network operator reserves the right to consent to valid law
0: enforcement requests to search the network and to institute legal or
0: disciplinary action against any misuse of the network.
0: ***********************************************************************
0: ... transfer 113 ...
0: ***********************************************************************
0: Use of this network is restricted to authorized users only.
0: All access attempts and activities on this network are subject to being
0: monitored, logged and audited.
0: 
0: The network operator reserves the right to consent to valid law
0: enforcement requests to search the network and to institute legal or
0: disciplinary action against any misuse of the network.
0: ***********************************************************************
0: ... transfer 114 ...
0: ***********************************************************************
0: Use of this network is restricted to authorized users only.
0: All access attempts and activities on this network are subject to being
0: monitored, logged and audited.
0: 
0: The network operator reserves the right to consent to valid law
0: enforcement requests to search the network and to institute legal or
0: disciplinary action against any misuse of the network.
0: ***********************************************************************
0: ... transfer 115 ...
0: ***********************************************************************
0: Use of this network is restricted to authorized users only.
0: All access attempts and activities on this network are subject to being
0: monitored, logged and audited.
0: 
0: The network operator reserves the right to consent to valid law
0: enforcement requests to search the network and to institute legal or
0: disciplinary action against any misuse of the network.
0: ***********************************************************************
0: ... transfer 116 ...
0: ***********************************************************************
0: Use of this network is restricted to authorized users only.
0: All access attempts and activities on this network are subject to being
0: monitored, logged and audited.
0: 
0: The network operator reserves the right to consent to valid law
0: enforcement requests to search the network and to institute legal or
0: disciplinary action against any misuse of the network.
0: ***********************************************************************
0: ... transfer 117 ...
0: ***********************************************************************
0: Use of this network is restricted to authorized users only.
0: All access attempts and activities on this network are subject to being
0: monitored, logged and audited.
0: 
0: The network operator reserves the right to consent to valid law
0: enforcement requests to search the network and to institute legal or
0: disciplinary action against any misuse of the network.
0: ***********************************************************************
0: ... transfer 118 ...
0: ***********************************************************************
0: Use of this network is restricted to authorized users only.
0: All access attempts and activities on this network are subject to being
0: monitored, logged and audited.
0: 
0: The network operator reserves the right to consent to valid law
0: enforcement requests to search the network and to institute legal or
0: disciplinary action against any misuse of the network.
0: ***********************************************************************
0: ... transfer 119 ...
0: ***********************************************************************
0: Use of this network is restricted to authorized users only.
0: All access attempts and activities on this network are subject to being
0: monitored, logged and audited.
0: 
0: The network operator reserves the right to consent to valid law
0: enforcement requests to search the network and to institute legal or
0: disciplinary action against any misuse of the network.
0: ***********************************************************************
0: ... transfer 120 ...
0: ***********************************************************************
0: Use of this network is restricted to authorized users only.
0: All access attempts and activities on this network are subject to being
0: monitored, logged and audited.
0: 
0: The network operator reserves the right to consent to valid law
0: enforcement requests to search the network and to institute legal or
0: disciplinary action against any misuse of the network.
0: ***********************************************************************
0: ... transfer 121 ...
0: ***********************************************************************
0: Use of this network is restricted to authorized users only.
0: All access attempts and activities on this network are subject to being
0: monitored, logged and audited.
0: 
0: The network operator reserves the right to consent to valid law
0: enforcement requests to search the network and to institute legal or
0: disciplinary action against any misuse of the network.
0: ***********************************************************************
0: ... transfer 122 ...
0: ***********************************************************************
0: Use of this network is restricted to authorized users only.
0: All access attempts and activities on this network are subject to being
0: monitored, logged and audited.
0: 
0: The network operator reserves the right to consent to valid law
0: enforcement requests to search the network and to institute legal or
0: disciplinary action against any misuse of the network.
0: ***********************************************************************
0: ... transfer 123 ...
0: ***********************************************************************
0: Use of this network is restricted to authorized users only.
0: All access attempts and activities on this network are subject to being
0: monitored, logged and audited.
0: 
0: The network operator reserves the right to consent to valid law
0: enforcement requests to search the network and to institute legal or
0: disciplinary action against any misuse of the network.
0: ***********************************************************************
0: ... transfer 124 ...
0: ***********************************************************************
0: Use of this network is restricted to authorized users only.
0: All access attempts and activities on this network are subject to being
0: monitored, logged and audited.
0: 
0: The network operator reserves the right to consent to valid law
0: enforcement requests to search the network and to institute legal or
0: disciplinary action against any misuse of the network.
0: ***********************************************************************
0: ... transfer 125 ...
0: ***********************************************************************
0: Use of this network is restricted to authorized users only.
0: All access attempts and activities on this network are subject to being
0: monitored, logged and audited.
0: 
0: The network operator reserves the right to consent to valid law
0: enforcement requests to search the network and to institute legal or
0: disciplinary action against any misuse of the network.
0: ***********************************************************************
0: ... transfer 126 ...
0: ***********************************************************************
0: Use of this network is restricted to authorized users only.
0: All access attempts and activities on this network are subject to being
0: monitored, logged and audited.
0: 
0: The network operator reserves the right to consent to valid law
0: enforcement requests to search the network and to institute legal or
0: disciplinary action against any misuse of the network.
0: ***********************************************************************
0: ... transfer 127 ...
0: ***********************************************************************
0: Use of this network is restricted to authorized users only.
0: All access attempts and activities on this network are subject to being
0: monitored, logged and audited.
0: 
0: The network operator reserves the right to consent to valid law
0: enforcement requests to search the network and to institute legal or
0: disciplinary action against any misuse of the network.
0: ***********************************************************************
0: ... transfer 128 ...
0: ***********************************************************************
0: Use of this network is restricted to authorized users only.
0: All access attempts and activities on this network are subject to being
0: monitored, logged and audited.
0: 
0: The network operator reserves the right to consent to valid law
0: enforcement requests to search the network and to institute legal or
0: disciplinary action against any misuse of the network.
0: ***********************************************************************
0: ... transfer 129 ...
0: ***********************************************************************
0: Use of this network is restricted to authorized users only.
0: All access attempts and activities on this network are subject to being
0: monitored, logged and audited.
0: 
0: The network operator reserves the right to consent to valid law
0: enforcement requests to search the network and to institute legal or
0: disciplinary action against any misuse of the network.
0: ***********************************************************************
0: ... transfer 130 ...
0: ***********************************************************************
0: Use of this network is restricted to authorized users only.
0: All access attempts and activities on this network are subject to being
0: monitored, logged and audited.
0: 
0: The network operator reserves the right to consent to valid law
0: enforcement requests to search the network and to institute legal or
0: disciplinary action against any misuse of the network.
0: ***********************************************************************
0: ... transfer 131 ...
0: ***********************************************************************
0: Use of this network is restricted to authorized users only.
0: All access attempts and activities on this network are subject to being
0: monitored, logged and audited.
0: 
0: The network operator reserves the right to consent to valid law
0: enforcement requests to search the network and to institute legal or
0: disciplinary action against any misuse of the network.
0: ***********************************************************************
0: ... transfer 132 ...
0: ***********************************************************************
0: Use of this network is restricted to authorized users only.
0: All access attempts and activities on this network are subject to being
0: monitored, logged and audited.
0: 
0: The network operator reserves the right to consent to valid law
0: enforcement requests to search the network and to institute legal or
0: disciplinary action against any misuse of the network.
0: ***********************************************************************
0: ... transfer 133 ...
0: ***********************************************************************
0: Use of this network is restricted to authorized users only.
0: All access attempts and activities on this network are subject to being
0: monitored, logged and audited.
0: 
0: The network operator reserves the right to consent to valid law
0: enforcement requests to search the network and to institute legal or
0: disciplinary action against any misuse of the network.
0: ***********************************************************************
0: ... transfer 134 ...
0: ***********************************************************************
0: Use of this network is restricted to authorized users only.
0: All access attempts and activities on this network are subject to being
0: monitored, logged and audited.
0: 
0: The network operator reserves the right to consent to valid law
0: enforcement requests to search the network and to institute legal or
0: disciplinary action against any misuse of the network.
0: ***********************************************************************
0: ... transfer 135 ...
0: ***********************************************************************
0: Use of this network is restricted to authorized users only.
0: All access attempts and activities on this network are subject to being
0: monitored, logged and audited.
0: 
0: The network operator reserves the right to consent to valid law
0: enforcement requests to search the network and to institute legal or
0: disciplinary action against any misuse of the network.
0: ***********************************************************************
0: ... transfer 136 ...
0: ***********************************************************************
0: Use of this network is restricted to authorized users only.
0: All access attempts and activities on this network are subject to being
0: monitored, logged and audited.
0: 
0: The network operator reserves the right to consent to valid law
0: enforcement requests to search the network and to institute legal or
0: disciplinary action against any misuse of the network.
0: ***********************************************************************
0: ... transfer 137 ...
0: ***********************************************************************
0: Use of this network is restricted to authorized users only.
0: All access attempts and activities on this network are subject to being
0: monitored, logged and audited.
0: 
0: The network operator reserves the right to consent to valid law
0: enforcement requests to search the network and to institute legal or
0: disciplinary action against any misuse of the network.
0: ***********************************************************************
0: ... transfer 138 ...
0: ***********************************************************************
0: Use of this network is restricted to authorized users only.
0: All access attempts and activities on this network are subject to being
0: monitored, logged and audited.
0: 
0: The network operator reserves the right to consent to valid law
0: enforcement requests to search the network and to institute legal or
0: disciplinary action against any misuse of the network.
0: ***********************************************************************
0: ... transfer 139 ...
0: ***********************************************************************
0: Use of this network is restricted to authorized users only.
0: All access attempts and activities on this network are subject to being
0: monitored, logged and audited.
0: 
0: The network operator reserves the right to consent to valid law
0: enforcement requests to search the network and to institute legal or
0: disciplinary action against any misuse of the network.
0: ***********************************************************************
0: ... transfer 140 ...
0: ***********************************************************************
0: Use of this network is restricted to authorized users only.
0: All access attempts and activities on this network are subject to being
0: monitored, logged and audited.
0: 
0: The network operator reserves the right to consent to valid law
0: enforcement requests to search the network and to institute legal or
0: disciplinary action against any misuse of the network.
0: ***********************************************************************
0: ... transfer 141 ...
0: ***********************************************************************
0: Use of this network is restricted to authorized users only.
0: All access attempts and activities on this network are subject to being
0: monitored, logged and audited.
0: 
0: The network operator reserves the right to consent to valid law
0: enforcement requests to search the network and to institute legal or
0: disciplinary action against any misuse of the network.
0: ***********************************************************************
0: ... transfer 142 ...
0: ***********************************************************************
0: Use of this network is restricted to authorized users only.
0: All access attempts and activities on this network are subject to being
0: monitored, logged and audited.
0: 
0: The network operator reserves the right to consent to valid law
0: enforcement requests to search the network and to institute legal or
0: disciplinary action against any misuse of the network.
0: ***********************************************************************
0: ... transfer 143 ...
0: ***********************************************************************
0: Use of this network is restricted to authorized users only.
0: All access attempts and activities on this network are subject to being
0: monitored, logged and audited.
0: 
0: The network operator reserves the right to consent to valid law
0: enforcement requests to search the network and to institute legal or
0: disciplinary action against any misuse of the network.
0: ***********************************************************************
0: ... transfer 144 ...
0: ***********************************************************************
0: Use of this network is restricted to authorized users only.
0: All access attempts and activities on this network are subject to being
0: monitored, logged and audited.
0: 
0: The network operator reserves the right to consent to valid law
0: enforcement requests to search the network and to institute legal or
0: disciplinary action against any misuse of the network.
0: ***********************************************************************
0: ... transfer 145 ...
0: ***********************************************************************
0: Use of this network is restricted to authorized users only.
0: All access attempts and activities on this network are subject to being
0: monitored, logged and audited.
0: 
0: The network operator reserves the right to consent to valid law
0: enforcement requests to search the network and to institute legal or
0: disciplinary action against any misuse of the network.
0: ***********************************************************************
0: ... transfer 146 ...
0: ***********************************************************************
0: Use of this network is restricted to authorized users only.
0: All access attempts and activities on this network are subject to being
0: monitored, logged and audited.
0: 
0: The network operator reserves the right to consent to valid law
0: enforcement requests to search the network and to institute legal or
0: disciplinary action against any misuse of the network.
0: ***********************************************************************
0: ... transfer 147 ...
0: ***********************************************************************
0: Use of this network is restricted to authorized users only.
0: All access attempts and activities on this network are subject to being
0: monitored, logged and audited.
0: 
0: The network operator reserves the right to consent to valid law
0: enforcement requests to search the network and to institute legal or
0: disciplinary action against any misuse of the network.
0: ***********************************************************************
0: ... transfer 148 ...
0: ***********************************************************************
0: Use of this network is restricted to authorized users only.
0: All access attempts and activities on this network are subject to being
0: monitored, logged and audited.
0: 
0: The network operator reserves the right to consent to valid law
0: enforcement requests to search the network and to institute legal or
0: disciplinary action against any misuse of the network.
0: ***********************************************************************
0: ... transfer 149 ...
0: ***********************************************************************
0: Use of this network is restricted to authorized users only.
0: All access attempts and activities on this network are subject to being
0: monitored, logged and audited.
0: 
0: The network operator reserves the right to consent to valid law
0: enforcement requests to search the network and to institute legal or
0: disciplinary action against any misuse of the network.
0: ***********************************************************************
0: ... transfer 150 ...
0: ***********************************************************************
0: Use of this network is restricted to authorized users only.
0: All access attempts and activities on this network are subject to being
0: monitored, logged and audited.
0: 
0: The network operator reserves the right to consent to valid law
0: enforcement requests to search the network and to institute legal or
0: disciplinary action against any misuse of the network.
0: ***********************************************************************
0: ... transfer 151 ...
0: ***********************************************************************
0: Use of this network is restricted to authorized users only.
0: All access attempts and activities on this network are subject to being
0: monitored, logged and audited.
0: 
0: The network operator reserves the right to consent to valid law
0: enforcement requests to search the network and to institute legal or
0: disciplinary action against any misuse of the network.
0: ***********************************************************************
0: ... transfer 152 ...
0: ***********************************************************************
0: Use of this network is restricted to authorized users only.
0: All access attempts and activities on this network are subject to being
0: monitored, logged and audited.
0: 
0: The network operator reserves the right to consent to valid law
0: enforcement requests to search the network and to institute legal or
0: disciplinary action against any misuse of the network.
0: ***********************************************************************
0: ... transfer 153 ...
0: ***********************************************************************
0: Use of this network is restricted to authorized users only.
0: All access attempts and activities on this network are subject to being
0: monitored, logged and audited.
0: 
0: The network operator reserves the right to consent to valid law
0: enforcement requests to search the network and to institute legal or
0: disciplinary action against any misuse of the network.
0: ***********************************************************************
0: ... transfer 154 ...
0: ***********************************************************************
0: Use of this network is restricted to authorized users only.
0: All access attempts and activities on this network are subject to being
0: monitored, logged and audited.
0: 
0: The network operator reserves the right to consent to valid law
0: enforcement requests to search the network and to institute legal or
0: disciplinary action against any misuse of the network.
0: ***********************************************************************
0: ... transfer 155 ...
0: ***********************************************************************
0: Use of this network is restricted to authorized users only.
0: All access attempts and activities on this network are subject to being
0: monitored, logged and audited.
0: 
0: The network operator reserves the right to consent to valid law
0: enforcement requests to search the network and to institute legal or
0: disciplinary action against any misuse of the network.
0: ***********************************************************************
0: ... transfer 156 ...
0: ***********************************************************************
0: Use of this network is restricted to authorized users only.
0: All access attempts and activities on this network are subject to being
0: monitored, logged and audited.
0: 
0: The network operator reserves the right to consent to valid law
0: enforcement requests to search the network and to institute legal or
0: disciplinary action against any misuse of the network.
0: ***********************************************************************
0: ... transfer 157 ...
0: ***********************************************************************
0: Use of this network is restricted to authorized users only.
0: All access attempts and activities on this network are subject to being
0: monitored, logged and audited.
0: 
0: The network operator reserves the right to consent to valid law
0: enforcement requests to search the network and to institute legal or
0: disciplinary action against any misuse of the network.
0: ***********************************************************************
0: ... transfer 158 ...
0: ***********************************************************************
0: Use of this network is restricted to authorized users only.
0: All access attempts and activities on this network are subject to being
0: monitored, logged and audited.
0: 
0: The network operator reserves the right to consent to valid law
0: enforcement requests to search the network and to institute legal or
0: disciplinary action against any misuse of the network.
0: ***********************************************************************
0: ... transfer 159 ...
0: ***********************************************************************
0: Use of this network is restricted to authorized users only.
0: All access attempts and activities on this network are subject to being
0: monitored, logged and audited.
0: 
0: The network operator reserves the right to consent to valid law
0: enforcement requests to search the network and to institute legal or
0: disciplinary action against any misuse of the network.
0: ***********************************************************************
