0: pyxis: importing docker image ...
1: pyxis: importing docker image ...
0: debug: SLURM_CPUS_ON_NODE = 96.
0: debug: SLURM_CPUS_PER_TASK = .
0: debug: SLURM_JOB_ID = 271116.
0: debug: SLURM_JOB_NAME = adlr-nlp-dev:retrieval.
0: debug: SLURM_JOB_NODELIST = ip-10-14-74-[40,80].
0: debug: SLURM_JOB_NUM_NODES = 2.
0: debug: SLURM_LOCALID = 0.
0: debug: SLURM_NODEID = 0.
0: debug: SLURM_NPROCS = 2.
0: debug: SLURM_PROCID = 0.
0: debug: ngpus = 8.
1: debug: SLURM_CPUS_ON_NODE = 96.
1: debug: SLURM_CPUS_PER_TASK = .
1: debug: SLURM_JOB_ID = 271116.
1: debug: SLURM_JOB_NAME = adlr-nlp-dev:retrieval.
1: debug: SLURM_JOB_NODELIST = ip-10-14-74-[40,80].
1: debug: SLURM_JOB_NUM_NODES = 2.
1: debug: SLURM_LOCALID = 0.
1: debug: SLURM_NODEID = 1.
1: debug: SLURM_NPROCS = 2.
1: debug: SLURM_PROCID = 1.
1: debug: ngpus = 8.
